{
  "numTotalTestSuites": 2,
  "numPassedTestSuites": 2,
  "numFailedTestSuites": 0,
  "numPendingTestSuites": 0,
  "numTotalTests": 1,
  "numPassedTests": 0,
  "numFailedTests": 1,
  "numPendingTests": 0,
  "numTodoTests": 0,
  "startTime": 1678136914011,
  "success": false,
  "testResults": [
    {
      "assertionResults": [
        {
          "ancestorTitles": [
            "",
            "Deve testar a busca de eventos na agenda do Google Calendar"
          ],
          "fullName": " Deve testar a busca de eventos na agenda do Google Calendar Deve retornar um Array com todos os eventos de um profissional em um dia",
          "status": "failed",
          "title": "Deve retornar um Array com todos os eventos de um profissional em um dia",
          "duration": 8,
          "failureMessages": [
            "Cannot read properties of null (reading 'OK')"
          ],
          "location": {
            "line": 21,
            "column": 30
          }
        }
      ],
      "startTime": 1678147835462,
      "endTime": 1678147835470,
      "status": "failed",
      "message": "",
      "name": "/home/abdala/dev/projects/myface/backend/test/application/listEventCalendarByProfessionalDate.test.ts"
    }
  ]
}