TN:
SF:src/application/dto/createAppointmentDTO.ts
FN:5,CreateAppointmentInput
FN:12,get
FN:15,CreateAppointmentOutput
FN:24,get
FNF:4
FNH:4
FNDA:4,CreateAppointmentInput
FNDA:4,get
FNDA:2,CreateAppointmentOutput
FNDA:2,get
DA:1,1
DA:2,1
DA:3,1
DA:4,1
DA:5,1
DA:6,4
DA:7,4
DA:8,4
DA:9,4
DA:10,4
DA:11,4
DA:12,4
DA:13,1
DA:14,1
DA:15,1
DA:16,2
DA:17,2
DA:18,2
DA:19,2
DA:20,2
DA:21,2
DA:22,2
DA:23,2
DA:24,2
LF:24
LH:24
BRDA:5,0,0,4
BRDA:12,1,0,4
BRDA:15,2,0,2
BRDA:24,3,0,2
BRF:4
BRH:4
end_of_record
TN:
SF:src/application/dto/createClientDTO.ts
FN:2,CreateClientInput
FN:3,get
FN:6,CreateClientOutput
FN:7,get
FNF:4
FNH:4
FNDA:1,CreateClientInput
FNDA:1,get
FNDA:1,CreateClientOutput
FNDA:2,get
DA:1,1
DA:2,1
DA:3,1
DA:4,1
DA:5,1
DA:6,1
DA:7,2
LF:7
LH:7
BRDA:2,0,0,1
BRDA:3,1,0,1
BRDA:6,2,0,1
BRDA:7,3,0,2
BRF:4
BRH:4
end_of_record
TN:
SF:src/application/dto/createProfessionalDTO.ts
FN:2,CreateProfessionalInput
FN:9,get
FN:12,CreateProfessionalOutput
FN:18,get
FNF:4
FNH:2
FNDA:0,CreateProfessionalInput
FNDA:0,get
FNDA:1,CreateProfessionalOutput
FNDA:1,get
DA:1,1
DA:2,1
DA:3,0
DA:4,0
DA:5,0
DA:6,0
DA:7,0
DA:8,1
DA:9,0
DA:10,1
DA:11,1
DA:12,1
DA:13,1
DA:14,1
DA:15,1
DA:16,1
DA:17,1
DA:18,1
LF:18
LH:12
BRDA:12,0,0,1
BRDA:18,1,0,1
BRF:2
BRH:2
end_of_record
TN:
SF:src/application/dto/getClientsOutput.ts
FN:2,GetClientsOutput
FNF:1
FNH:1
FNDA:3,GetClientsOutput
DA:1,1
DA:2,1
DA:3,1
LF:3
LH:3
BRDA:2,0,0,3
BRF:1
BRH:1
end_of_record
TN:
SF:src/application/dto/updateAppointmentDTO.ts
FN:5,UpdateAppointmentInput
FN:13,get
FN:16,UpdateAppointmentOutput
FN:25,get
FNF:4
FNH:4
FNDA:1,UpdateAppointmentInput
FNDA:1,get
FNDA:1,UpdateAppointmentOutput
FNDA:1,get
DA:1,1
DA:2,1
DA:3,1
DA:4,1
DA:5,1
DA:6,1
DA:7,1
DA:8,1
DA:9,1
DA:10,1
DA:11,1
DA:12,1
DA:13,1
DA:14,1
DA:15,1
DA:16,1
DA:17,1
DA:18,1
DA:19,1
DA:20,1
DA:21,1
DA:22,1
DA:23,1
DA:24,1
DA:25,1
LF:25
LH:25
BRDA:5,0,0,1
BRDA:13,1,0,1
BRDA:16,2,0,1
BRDA:25,3,0,1
BRF:4
BRH:4
end_of_record
TN:
SF:src/application/usecase/GoogleRequestUserConsent.ts
FN:14,GoogleRequestUserConsent
FN:16,execute
FNF:2
FNH:2
FNDA:1,GoogleRequestUserConsent
FNDA:1,execute
DA:1,1
DA:2,1
DA:3,1
DA:4,1
DA:5,1
DA:6,1
DA:7,1
DA:8,1
DA:9,1
DA:10,1
DA:11,1
DA:12,1
DA:13,1
DA:14,1
DA:15,1
DA:16,1
DA:17,1
DA:18,1
DA:19,1
DA:20,1
DA:21,1
LF:21
LH:21
BRDA:14,0,0,1
BRDA:16,1,0,1
BRDA:18,2,0,0
BRF:3
BRH:2
end_of_record
TN:
SF:src/application/usecase/createAppointment.ts
FN:11,CreateAppointment
FN:13,execute
FNF:2
FNH:2
FNDA:2,CreateAppointment
FNDA:2,execute
DA:1,1
DA:2,1
DA:3,1
DA:4,1
DA:5,1
DA:6,1
DA:7,1
DA:8,1
DA:9,1
DA:10,1
DA:11,1
DA:12,1
DA:13,1
DA:14,2
DA:15,2
DA:16,2
DA:17,2
DA:18,2
DA:19,2
DA:20,2
DA:21,2
DA:22,2
DA:23,2
DA:24,2
DA:25,2
DA:26,2
DA:27,1
LF:27
LH:27
BRDA:11,0,0,2
BRDA:13,1,0,2
BRDA:17,2,0,0
BRDA:18,3,0,0
BRDA:19,4,0,0
BRDA:21,5,0,0
BRDA:24,6,0,0
BRF:7
BRH:2
end_of_record
TN:
SF:src/application/usecase/createClient.ts
FN:9,CreateClient
FN:11,execute
FNF:2
FNH:2
FNDA:1,CreateClient
FNDA:1,execute
DA:1,1
DA:2,1
DA:3,1
DA:4,1
DA:5,1
DA:6,1
DA:7,1
DA:8,1
DA:9,1
DA:10,1
DA:11,1
DA:12,1
DA:13,1
DA:14,1
DA:15,1
DA:16,1
DA:17,1
DA:18,1
DA:19,1
DA:20,1
DA:21,1
DA:22,1
DA:23,1
DA:24,1
LF:24
LH:24
BRDA:9,0,0,1
BRDA:11,1,0,1
BRDA:14,2,0,0
BRDA:18,3,0,0
BRF:4
BRH:2
end_of_record
TN:
SF:src/application/usecase/createProfessional.ts
FN:9,CreateProfessional
FN:12,execute
FN:23,get
FNF:3
FNH:3
FNDA:5,CreateProfessional
FNDA:5,execute
FNDA:5,get
DA:1,1
DA:2,1
DA:3,1
DA:4,1
DA:5,1
DA:6,1
DA:7,1
DA:8,1
DA:9,1
DA:10,5
DA:11,1
DA:12,1
DA:13,5
DA:14,5
DA:15,5
DA:16,5
DA:17,1
DA:18,1
DA:19,5
DA:20,1
DA:21,5
DA:22,1
DA:23,5
LF:23
LH:23
BRDA:9,0,0,5
BRDA:12,1,0,5
BRDA:14,2,0,0
BRDA:16,3,0,4
BRDA:16,4,0,1
BRDA:19,5,0,0
BRDA:19,6,0,1
BRDA:23,7,0,5
BRF:8
BRH:6
end_of_record
TN:
SF:src/application/usecase/getAppointmentByClient.ts
FN:17,__vite_ssr_exports__.default
FN:19,execute
FNF:2
FNH:2
FNDA:1,__vite_ssr_exports__.default
FNDA:1,execute
DA:1,1
DA:2,1
DA:3,1
DA:4,1
DA:5,1
DA:6,1
DA:7,1
DA:8,1
DA:9,1
DA:10,1
DA:11,1
DA:12,1
DA:13,1
DA:14,1
DA:15,1
DA:16,1
DA:17,1
DA:18,1
DA:19,1
DA:20,1
DA:21,1
DA:22,1
DA:23,2
DA:24,2
DA:25,2
DA:26,2
DA:27,2
DA:28,2
DA:29,2
DA:30,2
DA:31,2
DA:32,1
DA:33,1
DA:34,1
DA:35,1
DA:36,1
LF:36
LH:36
BRDA:17,0,0,1
BRDA:19,1,0,1
BRDA:22,2,0,2
BRF:3
BRH:3
end_of_record
TN:
SF:src/application/usecase/getAppointmentByProfessional.ts
FN:16,GetAppointmentByProfessional
FN:18,execute
FNF:2
FNH:2
FNDA:1,GetAppointmentByProfessional
FNDA:1,execute
DA:1,1
DA:2,1
DA:3,1
DA:4,1
DA:5,1
DA:6,1
DA:7,1
DA:8,1
DA:9,1
DA:10,1
DA:11,1
DA:12,1
DA:13,1
DA:14,1
DA:15,1
DA:16,1
DA:17,1
DA:18,1
DA:19,1
DA:20,1
DA:21,1
DA:22,1
DA:23,1
DA:24,2
DA:25,2
DA:26,2
DA:27,2
DA:28,2
DA:29,2
DA:30,2
DA:31,2
DA:32,2
DA:33,1
DA:34,1
DA:35,1
DA:36,1
DA:37,1
DA:38,1
DA:39,1
LF:39
LH:39
BRDA:16,0,0,1
BRDA:18,1,0,1
BRDA:21,2,0,0
BRDA:23,3,0,2
BRF:4
BRH:3
end_of_record
TN:
SF:src/application/usecase/getClients.ts
FN:7,GetClients
FN:9,execute
FNF:2
FNH:2
FNDA:1,GetClients
FNDA:1,execute
DA:1,1
DA:2,1
DA:3,1
DA:4,1
DA:5,1
DA:6,1
DA:7,1
DA:8,1
DA:9,1
DA:10,1
DA:11,1
DA:12,1
DA:13,1
DA:14,3
DA:15,1
DA:16,1
DA:17,1
DA:18,1
LF:18
LH:18
BRDA:7,0,0,1
BRDA:9,1,0,1
BRDA:11,2,0,0
BRDA:13,3,0,3
BRF:4
BRH:3
end_of_record
TN:
SF:src/application/usecase/listEventsCalendarByPRofessionalDate.ts
FN:19,ListEventsCalendarByProfessionalDate
FN:21,execute
FNF:2
FNH:2
FNDA:1,ListEventsCalendarByProfessionalDate
FNDA:1,execute
DA:1,1
DA:2,1
DA:3,1
DA:4,1
DA:5,1
DA:6,1
DA:7,1
DA:8,1
DA:9,1
DA:10,1
DA:11,1
DA:12,1
DA:13,1
DA:14,1
DA:15,1
DA:16,1
DA:17,1
DA:18,1
DA:19,1
DA:20,1
DA:21,1
DA:22,1
DA:23,1
DA:24,1
DA:25,1
DA:26,1
DA:27,2
DA:28,2
DA:29,2
DA:30,2
DA:31,2
DA:32,2
DA:33,2
DA:34,2
DA:35,2
DA:36,2
DA:37,1
DA:38,1
DA:39,1
DA:40,1
LF:40
LH:40
BRDA:19,0,0,1
BRDA:21,1,0,1
BRDA:24,2,0,0
BRDA:26,3,0,2
BRDA:29,4,0,0
BRDA:32,5,0,0
BRF:6
BRH:3
end_of_record
TN:
SF:src/application/usecase/sendWhatsAppNotification.ts
FN:22,SendWhatsAppNotification
FN:24,execute
FNF:2
FNH:2
FNDA:1,SendWhatsAppNotification
FNDA:1,execute
DA:1,1
DA:2,1
DA:3,1
DA:4,1
DA:5,1
DA:6,1
DA:7,1
DA:8,1
DA:9,1
DA:10,1
DA:11,1
DA:12,1
DA:13,1
DA:14,1
DA:15,1
DA:16,1
DA:17,1
DA:18,1
DA:19,1
DA:20,1
DA:21,1
DA:22,1
DA:23,1
DA:24,1
DA:25,1
DA:26,1
DA:27,1
DA:28,1
DA:29,1
DA:30,1
DA:31,1
DA:32,1
DA:33,1
DA:34,1
DA:35,1
DA:36,1
DA:37,1
DA:38,1
DA:39,1
DA:40,1
LF:40
LH:40
BRDA:22,0,0,1
BRDA:24,1,0,1
BRDA:28,2,0,0
BRDA:29,3,0,0
BRDA:30,4,0,0
BRDA:36,5,0,0
BRF:6
BRH:2
end_of_record
TN:
SF:src/application/usecase/updateAppointment.ts
FN:9,UpdateAppointment
FN:11,execute
FNF:2
FNH:2
FNDA:1,UpdateAppointment
FNDA:1,execute
DA:1,1
DA:2,1
DA:3,1
DA:4,1
DA:5,1
DA:6,1
DA:7,1
DA:8,1
DA:9,1
DA:10,1
DA:11,1
DA:12,1
DA:13,1
DA:14,1
DA:15,1
DA:16,1
DA:17,1
DA:18,1
DA:19,1
DA:20,1
DA:21,1
DA:22,1
DA:23,1
DA:24,1
DA:25,1
DA:26,1
DA:27,1
DA:28,1
DA:29,1
LF:29
LH:29
BRDA:9,0,0,1
BRDA:11,1,0,1
BRDA:13,2,0,0
BRDA:15,3,0,0
BRDA:26,4,0,0
BRF:5
BRH:2
end_of_record
TN:
SF:src/domain/entities/appointment.ts
FN:5,get
FN:17,Appointment
FN:27,create
FN:35,validatePrice
FN:39,validateEndDate
FN:43,validateStartDate
FN:47,calculateDuration
FN:51,getProfessionalId
FN:55,getClientId
FN:69,get
FNF:10
FNH:10
FNDA:33,get
FNDA:25,Appointment
FNDA:26,create
FNDA:25,validatePrice
FNDA:25,validateEndDate
FNDA:26,validateStartDate
FNDA:1,calculateDuration
FNDA:10,getProfessionalId
FNDA:10,getClientId
FNDA:26,get
DA:1,1
DA:2,1
DA:3,1
DA:4,1
DA:5,1
DA:6,1
DA:7,1
DA:8,1
DA:9,1
DA:10,1
DA:11,1
DA:12,1
DA:13,1
DA:14,1
DA:15,1
DA:16,1
DA:17,1
DA:18,25
DA:19,25
DA:20,25
DA:21,25
DA:22,25
DA:23,25
DA:24,25
DA:25,25
DA:26,1
DA:27,1
DA:28,26
DA:29,26
DA:30,26
DA:31,25
DA:32,25
DA:33,26
DA:34,1
DA:35,1
DA:36,25
DA:37,25
DA:38,1
DA:39,1
DA:40,25
DA:41,25
DA:42,1
DA:43,1
DA:44,26
DA:45,26
DA:46,1
DA:47,1
DA:48,1
DA:49,1
DA:50,1
DA:51,1
DA:52,10
DA:53,10
DA:54,1
DA:55,1
DA:56,10
DA:57,10
DA:58,1
DA:59,1
DA:60,1
DA:61,1
DA:62,1
DA:63,1
DA:64,1
DA:65,1
DA:66,1
DA:67,1
DA:68,1
DA:69,26
LF:69
LH:69
BRDA:5,0,0,3
BRDA:5,1,0,33
BRDA:17,2,0,25
BRDA:27,3,0,26
BRDA:28,4,0,1
BRDA:28,5,0,25
BRDA:29,6,0,0
BRDA:29,7,0,25
BRDA:30,8,0,0
BRDA:30,9,0,25
BRDA:35,10,0,25
BRDA:39,11,0,25
BRDA:43,12,0,26
BRDA:47,13,0,1
BRDA:51,14,0,10
BRDA:55,15,0,10
BRDA:69,16,0,26
BRF:17
BRH:15
end_of_record
TN:
SF:src/domain/entities/client.ts
FN:9,Client
FN:11,create
FN:22,isValidName
FN:26,setAnnotations
FN:30,getAnnotations
FN:34,get Email
FN:42,get
FNF:7
FNH:7
FNDA:50,Client
FNDA:50,create
FNDA:50,isValidName
FNDA:1,setAnnotations
FNDA:1,getAnnotations
FNDA:4,get Email
FNDA:50,get
DA:1,1
DA:2,1
DA:3,1
DA:4,1
DA:5,1
DA:6,1
DA:7,1
DA:8,1
DA:9,1
DA:10,1
DA:11,1
DA:12,50
DA:13,50
DA:14,50
DA:15,50
DA:16,50
DA:17,50
DA:18,50
DA:19,50
DA:20,50
DA:21,1
DA:22,1
DA:23,50
DA:24,50
DA:25,1
DA:26,1
DA:27,1
DA:28,1
DA:29,1
DA:30,1
DA:31,1
DA:32,1
DA:33,1
DA:34,1
DA:35,4
DA:36,3
DA:37,3
DA:38,4
DA:39,1
DA:40,1
DA:41,1
DA:42,50
LF:42
LH:42
BRDA:9,0,0,50
BRDA:11,1,0,50
BRDA:13,2,0,44
BRDA:13,3,0,6
BRDA:16,4,0,0
BRDA:17,5,0,0
BRDA:18,6,0,0
BRDA:22,7,0,50
BRDA:26,8,0,1
BRDA:30,9,0,1
BRDA:34,10,0,4
BRDA:35,11,0,1
BRDA:35,12,0,3
BRDA:36,13,0,0
BRDA:42,14,0,50
BRF:15
BRH:11
end_of_record
TN:
SF:src/domain/entities/email.ts
FN:5,Email
FN:7,create
FN:12,isValid
FN:17,get
FNF:4
FNH:4
FNDA:112,Email
FNDA:113,create
FNDA:113,isValid
FNDA:113,get
DA:1,1
DA:2,1
DA:3,1
DA:4,1
DA:5,1
DA:6,1
DA:7,1
DA:8,113
DA:9,112
DA:10,113
DA:11,1
DA:12,1
DA:13,113
DA:14,113
DA:15,113
DA:16,1
DA:17,113
LF:17
LH:17
BRDA:5,0,0,112
BRDA:7,1,0,113
BRDA:8,2,0,1
BRDA:8,3,0,112
BRDA:12,4,0,113
BRDA:17,5,0,113
BRF:6
BRH:6
end_of_record
TN:
SF:src/domain/entities/phone.ts
FN:5,Phone
FN:7,create
FN:13,isValid
FN:17,isValidDDD
FN:21,isValidNumber
FN:27,get
FNF:6
FNH:6
FNDA:117,Phone
FNDA:119,create
FNDA:119,isValid
FNDA:119,isValidDDD
FNDA:118,isValidNumber
FNDA:119,get
DA:1,1
DA:2,1
DA:3,1
DA:4,1
DA:5,1
DA:6,1
DA:7,1
DA:8,119
DA:9,117
DA:10,117
DA:11,119
DA:12,1
DA:13,1
DA:14,119
DA:15,119
DA:16,1
DA:17,1
DA:18,119
DA:19,119
DA:20,1
DA:21,1
DA:22,118
DA:23,118
DA:24,1
DA:25,1
DA:26,1
DA:27,119
LF:27
LH:27
BRDA:5,0,0,117
BRDA:7,1,0,119
BRDA:8,2,0,2
BRDA:8,3,0,117
BRDA:13,4,0,119
BRDA:14,5,0,118
BRDA:17,6,0,119
BRDA:21,7,0,118
BRDA:27,8,0,119
BRF:9
BRH:9
end_of_record
TN:
SF:src/domain/entities/professional.ts
FN:8,Professional
FN:10,create
FN:28,validateName
FN:32,getId
FN:36,getEmail
FN:40,get
FNF:6
FNH:5
FNDA:64,Professional
FNDA:68,create
FNDA:68,validateName
FNDA:4,getId
FNDA:0,getEmail
FNDA:68,get
DA:1,1
DA:2,1
DA:3,1
DA:4,1
DA:5,1
DA:6,1
DA:7,1
DA:8,1
DA:9,1
DA:10,1
DA:11,68
DA:12,68
DA:13,68
DA:14,68
DA:15,68
DA:16,68
DA:17,68
DA:18,64
DA:19,64
DA:20,64
DA:21,64
DA:22,64
DA:23,64
DA:24,64
DA:25,64
DA:26,68
DA:27,1
DA:28,1
DA:29,68
DA:30,68
DA:31,1
DA:32,1
DA:33,4
DA:34,4
DA:35,1
DA:36,1
DA:37,0
DA:38,0
DA:39,1
DA:40,68
LF:40
LH:38
BRDA:8,0,0,64
BRDA:10,1,0,68
BRDA:15,2,0,2
BRDA:15,3,0,66
BRDA:16,4,0,1
BRDA:16,5,0,65
BRDA:17,6,0,1
BRDA:17,7,0,64
BRDA:28,8,0,68
BRDA:32,9,0,4
BRDA:40,10,0,68
BRF:11
BRH:11
end_of_record
TN:
SF:src/domain/entities/service.ts
FN:5,Service
FN:7,create
FN:14,validateName
FN:18,validateDescription
FN:25,get
FNF:5
FNH:5
FNDA:1,Service
FNDA:1,create
FNDA:1,validateName
FNDA:1,validateDescription
FNDA:1,get
DA:1,1
DA:2,1
DA:3,1
DA:4,1
DA:5,1
DA:6,1
DA:7,1
DA:8,1
DA:9,1
DA:10,1
DA:11,1
DA:12,1
DA:13,1
DA:14,1
DA:15,1
DA:16,1
DA:17,1
DA:18,1
DA:19,1
DA:20,1
DA:21,1
DA:22,1
DA:23,1
DA:24,1
DA:25,1
LF:25
LH:25
BRDA:5,0,0,1
BRDA:7,1,0,1
BRDA:8,2,0,0
BRDA:9,3,0,0
BRDA:14,4,0,1
BRDA:18,5,0,1
BRDA:25,6,0,1
BRF:7
BRH:5
end_of_record
TN:
SF:src/infra/repository/memory/AppointmentRepositoryMemory.ts
FN:10,__vite_ssr_exports__.default
FN:30,save
FN:34,update
FN:40,findById
FN:44,findByProfessionalId
FN:48,findByClientId
FNF:6
FNH:6
FNDA:5,__vite_ssr_exports__.default
FNDA:2,save
FNDA:1,update
FNDA:2,findById
FNDA:1,findByProfessionalId
FNDA:1,findByClientId
DA:1,1
DA:2,1
DA:3,1
DA:4,1
DA:5,1
DA:6,1
DA:7,1
DA:8,1
DA:9,1
DA:10,1
DA:11,5
DA:12,5
DA:13,5
DA:14,5
DA:15,5
DA:16,5
DA:17,5
DA:18,5
DA:19,5
DA:20,5
DA:21,5
DA:22,5
DA:23,5
DA:24,5
DA:25,5
DA:26,5
DA:27,5
DA:28,5
DA:29,1
DA:30,1
DA:31,2
DA:32,2
DA:33,1
DA:34,1
DA:35,1
DA:36,1
DA:37,1
DA:38,1
DA:39,1
DA:40,1
DA:41,2
DA:42,2
DA:43,1
DA:44,1
DA:45,1
DA:46,1
DA:47,1
DA:48,1
DA:49,1
DA:50,1
DA:51,1
LF:51
LH:51
BRDA:10,0,0,5
BRDA:30,1,0,2
BRDA:34,2,0,1
BRDA:35,3,0,5
BRDA:40,4,0,2
BRDA:41,5,0,6
BRDA:44,6,0,1
BRDA:45,7,0,4
BRDA:48,8,0,1
BRDA:49,9,0,4
BRF:10
BRH:10
end_of_record
TN:
SF:src/infra/repository/memory/ClientRepositoryMemory.ts
FN:8,ClientRepositoryMemory
FN:17,save
FN:21,findById
FN:25,findByPhone
FN:29,findAll
FNF:5
FNH:4
FNDA:7,ClientRepositoryMemory
FNDA:1,save
FNDA:3,findById
FNDA:0,findByPhone
FNDA:1,findAll
DA:1,1
DA:2,1
DA:3,1
DA:4,1
DA:5,1
DA:6,1
DA:7,1
DA:8,1
DA:9,7
DA:10,7
DA:11,7
DA:12,7
DA:13,7
DA:14,7
DA:15,1
DA:16,1
DA:17,1
DA:18,1
DA:19,1
DA:20,1
DA:21,1
DA:22,3
DA:23,3
DA:24,1
DA:25,1
DA:26,0
DA:27,0
DA:28,1
DA:29,1
DA:30,1
DA:31,1
DA:32,1
DA:33,1
LF:33
LH:31
BRDA:8,0,0,7
BRDA:17,1,0,1
BRDA:21,2,0,3
BRDA:22,3,0,3
BRDA:29,4,0,1
BRF:5
BRH:5
end_of_record
TN:
SF:src/infra/repository/memory/ProfessionalRepositoryMemory.ts
FN:8,ProfessionalRepositoryMemory
FN:15,findByEmail
FN:20,save
FN:24,findById
FNF:4
FNH:3
FNDA:13,ProfessionalRepositoryMemory
FNDA:0,findByEmail
FNDA:1,save
FNDA:4,findById
DA:1,1
DA:2,1
DA:3,1
DA:4,1
DA:5,1
DA:6,1
DA:7,1
DA:8,1
DA:9,13
DA:10,13
DA:11,13
DA:12,13
DA:13,13
DA:14,1
DA:15,1
DA:16,0
DA:17,0
DA:18,0
DA:19,1
DA:20,1
DA:21,1
DA:22,1
DA:23,1
DA:24,1
DA:25,4
DA:26,4
DA:27,4
DA:28,1
LF:28
LH:25
BRDA:8,0,0,13
BRDA:20,1,0,1
BRDA:24,2,0,4
BRDA:25,3,0,4
BRF:4
BRH:4
end_of_record
TN:
SF:src/infra/service/WhatsAppNotificationServiceOficial.ts
FN:55,send
FNF:1
FNH:1
FNDA:1,send
DA:1,1
DA:2,1
DA:3,1
DA:4,1
DA:5,1
DA:6,1
DA:7,1
DA:8,1
DA:9,1
DA:10,1
DA:11,1
DA:12,1
DA:13,1
DA:14,1
DA:15,1
DA:16,1
DA:17,1
DA:18,1
DA:19,1
DA:20,1
DA:21,1
DA:22,1
DA:23,1
DA:24,1
DA:25,1
DA:26,1
DA:27,1
DA:28,1
DA:29,1
DA:30,1
DA:31,1
DA:32,1
DA:33,1
DA:34,1
DA:35,1
DA:36,1
DA:37,1
DA:38,1
DA:39,1
DA:40,1
DA:41,1
DA:42,1
DA:43,1
DA:44,1
DA:45,1
DA:46,1
DA:47,1
DA:48,1
DA:49,1
DA:50,1
DA:51,1
DA:52,1
DA:53,1
DA:54,1
DA:55,1
DA:56,1
DA:57,1
DA:58,1
DA:59,1
DA:60,1
DA:61,1
DA:62,1
DA:63,0
DA:64,0
DA:65,1
DA:66,1
DA:67,1
DA:68,1
LF:68
LH:66
BRDA:55,0,0,1
BRDA:62,1,0,0
BRF:2
BRH:1
end_of_record
TN:
SF:src/infra/service/googleCalendar/GoogleCalendarService.ts
FN:16,GoogleCalendarService
FN:21,findEventByDate
FN:38,requestAuthorization
FN:49,saveCredentials
FN:63,autenticate
FNF:5
FNH:3
FNDA:3,GoogleCalendarService
FNDA:1,findEventByDate
FNDA:0,requestAuthorization
FNDA:0,saveCredentials
FNDA:1,autenticate
DA:1,1
DA:2,1
DA:3,1
DA:4,1
DA:5,1
DA:6,1
DA:7,1
DA:8,1
DA:9,1
DA:10,1
DA:11,1
DA:12,1
DA:13,1
DA:14,1
DA:15,1
DA:16,1
DA:17,3
DA:18,3
DA:19,1
DA:20,1
DA:21,1
DA:22,1
DA:23,1
DA:24,1
DA:25,1
DA:26,1
DA:27,1
DA:28,1
DA:29,1
DA:30,1
DA:31,1
DA:32,1
DA:33,1
DA:34,1
DA:35,1
DA:36,1
DA:37,1
DA:38,1
DA:39,0
DA:40,0
DA:41,0
DA:42,0
DA:43,0
DA:44,0
DA:45,0
DA:46,0
DA:47,0
DA:48,1
DA:49,1
DA:50,0
DA:51,0
DA:52,0
DA:53,0
DA:54,0
DA:55,0
DA:56,0
DA:57,0
DA:58,0
DA:59,0
DA:60,0
DA:61,0
DA:62,1
DA:63,1
DA:64,1
DA:65,1
DA:66,1
DA:67,1
DA:68,1
DA:69,1
DA:70,1
DA:71,1
DA:72,1
LF:72
LH:51
BRDA:16,0,0,3
BRDA:21,1,0,1
BRDA:34,2,0,0
BRDA:63,3,0,1
BRF:4
BRH:3
end_of_record
TN:
SF:src/infra/service/googleCalendar/settings.ts
FNF:0
FNH:0
DA:1,1
DA:2,1
DA:3,1
DA:4,1
DA:5,1
DA:6,1
DA:7,1
DA:8,1
DA:9,1
DA:10,1
LF:10
LH:10
BRF:0
BRH:0
end_of_record
