TN:
SF:src/application/dto/createAppointmentDTO.ts
FN:5,CreateAppointmentInput
FN:14,get
FN:17,CreateAppointmentOutput
FN:28,get
FNF:4
FNH:4
FNDA:4,CreateAppointmentInput
FNDA:4,get
FNDA:2,CreateAppointmentOutput
FNDA:2,get
DA:1,1
DA:2,1
DA:3,1
DA:4,1
DA:5,1
DA:6,4
DA:7,4
DA:8,4
DA:9,4
DA:10,4
DA:11,4
DA:12,4
DA:13,4
DA:14,4
DA:15,1
DA:16,1
DA:17,1
DA:18,2
DA:19,2
DA:20,2
DA:21,2
DA:22,2
DA:23,2
DA:24,2
DA:25,2
DA:26,2
DA:27,2
DA:28,2
LF:28
LH:28
BRDA:5,0,0,4
BRDA:14,1,0,4
BRDA:17,2,0,2
BRDA:28,3,0,2
BRF:4
BRH:4
end_of_record
TN:
SF:src/application/dto/createClientDTO.ts
FN:2,CreateClientInput
FN:3,get
FN:6,CreateClientOutput
FN:7,get
FNF:4
FNH:4
FNDA:1,CreateClientInput
FNDA:1,get
FNDA:1,CreateClientOutput
FNDA:2,get
DA:1,1
DA:2,1
DA:3,1
DA:4,1
DA:5,1
DA:6,1
DA:7,2
LF:7
LH:7
BRDA:2,0,0,1
BRDA:3,1,0,1
BRDA:6,2,0,1
BRDA:7,3,0,2
BRF:4
BRH:4
end_of_record
TN:
SF:src/application/dto/createProfessionalDTO.ts
FN:2,CreateProfessionalInput
FN:10,get
FN:13,CreateProfessionalOutput
FN:20,get
FNF:4
FNH:4
FNDA:1,CreateProfessionalInput
FNDA:1,get
FNDA:1,CreateProfessionalOutput
FNDA:1,get
DA:1,1
DA:2,1
DA:3,1
DA:4,1
DA:5,1
DA:6,1
DA:7,1
DA:8,1
DA:9,1
DA:10,1
DA:11,1
DA:12,1
DA:13,1
DA:14,1
DA:15,1
DA:16,1
DA:17,1
DA:18,1
DA:19,1
DA:20,1
LF:20
LH:20
BRDA:2,0,0,1
BRDA:10,1,0,1
BRDA:13,2,0,1
BRDA:20,3,0,1
BRF:4
BRH:4
end_of_record
TN:
SF:src/application/dto/getClientsOutput.ts
FN:2,GetClientsOutput
FNF:1
FNH:1
FNDA:3,GetClientsOutput
DA:1,1
DA:2,1
DA:3,1
LF:3
LH:3
BRDA:2,0,0,3
BRF:1
BRH:1
end_of_record
TN:
SF:src/application/dto/updateAppointmentDTO.ts
FN:5,UpdateAppointmentInput
FN:15,get
FN:18,UpdateAppointmentOutput
FN:28,get
FNF:4
FNH:4
FNDA:1,UpdateAppointmentInput
FNDA:1,get
FNDA:1,UpdateAppointmentOutput
FNDA:1,get
DA:1,1
DA:2,1
DA:3,1
DA:4,1
DA:5,1
DA:6,1
DA:7,1
DA:8,1
DA:9,1
DA:10,1
DA:11,1
DA:12,1
DA:13,1
DA:14,1
DA:15,1
DA:16,1
DA:17,1
DA:18,1
DA:19,1
DA:20,1
DA:21,1
DA:22,1
DA:23,1
DA:24,1
DA:25,1
DA:26,1
DA:27,1
DA:28,1
LF:28
LH:28
BRDA:5,0,0,1
BRDA:15,1,0,1
BRDA:18,2,0,1
BRDA:28,3,0,1
BRF:4
BRH:4
end_of_record
TN:
SF:src/application/usecase/GoogleRequestUserConsent.ts
FN:16,GoogleRequestUserConsent
FN:18,execute
FNF:2
FNH:2
FNDA:1,GoogleRequestUserConsent
FNDA:1,execute
DA:1,1
DA:2,1
DA:3,1
DA:4,1
DA:5,1
DA:6,1
DA:7,1
DA:8,1
DA:9,1
DA:10,1
DA:11,1
DA:12,1
DA:13,1
DA:14,1
DA:15,1
DA:16,1
DA:17,1
DA:18,1
DA:19,1
DA:20,1
DA:21,1
DA:22,1
DA:23,1
LF:23
LH:23
BRDA:16,0,0,1
BRDA:18,1,0,1
BRDA:20,2,0,0
BRF:3
BRH:2
end_of_record
TN:
SF:src/application/usecase/createAppointment.ts
FN:17,CreateAppointment
FN:24,execute
FNF:2
FNH:2
FNDA:2,CreateAppointment
FNDA:2,execute
DA:1,1
DA:2,1
DA:3,1
DA:4,1
DA:5,1
DA:6,1
DA:7,1
DA:8,1
DA:9,1
DA:10,1
DA:11,1
DA:12,1
DA:13,1
DA:14,1
DA:15,1
DA:16,1
DA:17,1
DA:18,2
DA:19,2
DA:20,2
DA:21,2
DA:22,1
DA:23,1
DA:24,1
DA:25,2
DA:26,2
DA:27,2
DA:28,2
DA:29,2
DA:30,2
DA:31,2
DA:32,2
DA:33,2
DA:34,2
DA:35,2
DA:36,2
DA:37,2
DA:38,2
DA:39,2
DA:40,2
DA:41,2
DA:42,2
DA:43,2
DA:44,2
DA:45,2
DA:46,2
DA:47,2
DA:48,2
DA:49,2
DA:50,2
DA:51,2
DA:52,2
DA:53,2
DA:54,1
LF:54
LH:54
BRDA:17,0,0,2
BRDA:24,1,0,2
BRDA:28,2,0,0
BRDA:29,3,0,0
BRDA:30,4,0,0
BRDA:39,5,0,0
BRDA:51,6,0,0
BRF:7
BRH:2
end_of_record
TN:
SF:src/application/usecase/createClient.ts
FN:11,CreateClient
FN:15,execute
FNF:2
FNH:2
FNDA:1,CreateClient
FNDA:1,execute
DA:1,1
DA:2,1
DA:3,1
DA:4,1
DA:5,1
DA:6,1
DA:7,1
DA:8,1
DA:9,1
DA:10,1
DA:11,1
DA:12,1
DA:13,1
DA:14,1
DA:15,1
DA:16,1
DA:17,1
DA:18,1
DA:19,1
DA:20,1
DA:21,1
DA:22,1
DA:23,1
DA:24,1
DA:25,1
DA:26,1
DA:27,1
DA:28,1
DA:29,1
DA:30,1
DA:31,1
DA:32,1
DA:33,1
DA:34,1
LF:34
LH:34
BRDA:11,0,0,1
BRDA:15,1,0,1
BRDA:18,2,0,0
BRDA:28,3,0,0
BRF:4
BRH:2
end_of_record
TN:
SF:src/application/usecase/createProfessional.ts
FN:12,CreateProfessional
FN:16,execute
FN:27,get
FNF:3
FNH:3
FNDA:6,CreateProfessional
FNDA:6,execute
FNDA:6,get
DA:1,1
DA:2,1
DA:3,1
DA:4,1
DA:5,1
DA:6,1
DA:7,1
DA:8,1
DA:9,1
DA:10,1
DA:11,1
DA:12,1
DA:13,6
DA:14,6
DA:15,1
DA:16,1
DA:17,6
DA:18,6
DA:19,6
DA:20,6
DA:21,1
DA:22,1
DA:23,6
DA:24,1
DA:25,6
DA:26,1
DA:27,6
LF:27
LH:27
BRDA:12,0,0,6
BRDA:16,1,0,6
BRDA:18,2,0,0
BRDA:20,3,0,5
BRDA:20,4,0,1
BRDA:23,5,0,0
BRDA:23,6,0,1
BRDA:27,7,0,6
BRF:8
BRH:6
end_of_record
TN:
SF:src/application/usecase/getAppointmentByClient.ts
FN:19,__vite_ssr_exports__.default
FN:23,execute
FNF:2
FNH:2
FNDA:1,__vite_ssr_exports__.default
FNDA:1,execute
DA:1,1
DA:2,1
DA:3,1
DA:4,1
DA:5,1
DA:6,1
DA:7,1
DA:8,1
DA:9,1
DA:10,1
DA:11,1
DA:12,1
DA:13,1
DA:14,1
DA:15,1
DA:16,1
DA:17,1
DA:18,1
DA:19,1
DA:20,1
DA:21,1
DA:22,1
DA:23,1
DA:24,1
DA:25,1
DA:26,1
DA:27,2
DA:28,2
DA:29,2
DA:30,2
DA:31,2
DA:32,2
DA:33,2
DA:34,2
DA:35,2
DA:36,1
DA:37,1
DA:38,1
DA:39,1
DA:40,1
LF:40
LH:40
BRDA:19,0,0,1
BRDA:23,1,0,1
BRDA:26,2,0,2
BRF:3
BRH:3
end_of_record
TN:
SF:src/application/usecase/getAppointmentByProfessional.ts
FN:20,GetAppointmentByProfessional
FN:24,execute
FNF:2
FNH:2
FNDA:1,GetAppointmentByProfessional
FNDA:1,execute
DA:1,1
DA:2,1
DA:3,1
DA:4,1
DA:5,1
DA:6,1
DA:7,1
DA:8,1
DA:9,1
DA:10,1
DA:11,1
DA:12,1
DA:13,1
DA:14,1
DA:15,1
DA:16,1
DA:17,1
DA:18,1
DA:19,1
DA:20,1
DA:21,1
DA:22,1
DA:23,1
DA:24,1
DA:25,1
DA:26,1
DA:27,1
DA:28,1
DA:29,1
DA:30,2
DA:31,2
DA:32,2
DA:33,2
DA:34,2
DA:35,2
DA:36,2
DA:37,2
DA:38,2
DA:39,1
DA:40,1
DA:41,1
DA:42,1
DA:43,1
DA:44,1
DA:45,1
LF:45
LH:45
BRDA:20,0,0,1
BRDA:24,1,0,1
BRDA:27,2,0,0
BRDA:29,3,0,2
BRF:4
BRH:3
end_of_record
TN:
SF:src/application/usecase/getClients.ts
FN:9,GetClients
FN:13,execute
FNF:2
FNH:2
FNDA:1,GetClients
FNDA:1,execute
DA:1,1
DA:2,1
DA:3,1
DA:4,1
DA:5,1
DA:6,1
DA:7,1
DA:8,1
DA:9,1
DA:10,1
DA:11,1
DA:12,1
DA:13,1
DA:14,1
DA:15,1
DA:16,1
DA:17,1
DA:18,3
DA:19,3
DA:20,3
DA:21,3
DA:22,3
DA:23,3
DA:24,3
DA:25,1
DA:26,1
DA:27,1
DA:28,1
LF:28
LH:28
BRDA:9,0,0,1
BRDA:13,1,0,1
BRDA:15,2,0,0
BRDA:17,3,0,3
BRF:4
BRH:3
end_of_record
TN:
SF:src/application/usecase/listEventsCalendarByPRofessionalDate.ts
FN:22,ListEventsCalendarByProfessionalDate
FN:26,execute
FNF:2
FNH:2
FNDA:1,ListEventsCalendarByProfessionalDate
FNDA:1,execute
DA:1,1
DA:2,1
DA:3,1
DA:4,1
DA:5,1
DA:6,1
DA:7,1
DA:8,1
DA:9,1
DA:10,1
DA:11,1
DA:12,1
DA:13,1
DA:14,1
DA:15,1
DA:16,1
DA:17,1
DA:18,1
DA:19,1
DA:20,1
DA:21,1
DA:22,1
DA:23,1
DA:24,1
DA:25,1
DA:26,1
DA:27,1
DA:28,1
DA:29,1
DA:30,1
DA:31,1
DA:32,2
DA:33,2
DA:34,2
DA:35,2
DA:36,2
DA:37,2
DA:38,2
DA:39,2
DA:40,2
DA:41,2
DA:42,1
DA:43,1
DA:44,1
DA:45,1
LF:45
LH:45
BRDA:22,0,0,1
BRDA:26,1,0,1
BRDA:29,2,0,0
BRDA:31,3,0,2
BRDA:34,4,0,0
BRDA:37,5,0,0
BRF:6
BRH:3
end_of_record
TN:
SF:src/application/usecase/sendWhatsAppNotification.ts
FN:26,SendWhatsAppNotification
FN:32,execute
FNF:2
FNH:2
FNDA:1,SendWhatsAppNotification
FNDA:1,execute
DA:1,1
DA:2,1
DA:3,1
DA:4,1
DA:5,1
DA:6,1
DA:7,1
DA:8,1
DA:9,1
DA:10,1
DA:11,1
DA:12,1
DA:13,1
DA:14,1
DA:15,1
DA:16,1
DA:17,1
DA:18,1
DA:19,1
DA:20,1
DA:21,1
DA:22,1
DA:23,1
DA:24,1
DA:25,1
DA:26,1
DA:27,1
DA:28,1
DA:29,1
DA:30,1
DA:31,1
DA:32,1
DA:33,1
DA:34,1
DA:35,1
DA:36,1
DA:37,1
DA:38,1
DA:39,1
DA:40,1
DA:41,1
DA:42,1
DA:43,1
DA:44,1
DA:45,1
DA:46,1
DA:47,1
DA:48,1
LF:48
LH:48
BRDA:26,0,0,1
BRDA:32,1,0,1
BRDA:36,2,0,0
BRDA:37,3,0,0
BRDA:38,4,0,0
BRDA:44,5,0,0
BRF:6
BRH:2
end_of_record
TN:
SF:src/application/usecase/updateAppointment.ts
FN:11,UpdateAppointment
FN:15,execute
FNF:2
FNH:2
FNDA:1,UpdateAppointment
FNDA:1,execute
DA:1,1
DA:2,1
DA:3,1
DA:4,1
DA:5,1
DA:6,1
DA:7,1
DA:8,1
DA:9,1
DA:10,1
DA:11,1
DA:12,1
DA:13,1
DA:14,1
DA:15,1
DA:16,1
DA:17,1
DA:18,1
DA:19,1
DA:20,1
DA:21,1
DA:22,1
DA:23,1
DA:24,1
DA:25,1
DA:26,1
DA:27,1
DA:28,1
DA:29,1
DA:30,1
DA:31,1
DA:32,1
DA:33,1
DA:34,1
LF:34
LH:34
BRDA:11,0,0,1
BRDA:15,1,0,1
BRDA:17,2,0,0
BRDA:19,3,0,0
BRDA:31,4,0,0
BRF:5
BRH:2
end_of_record
TN:
SF:src/domain/entities/Name.ts
FN:5,Name
FN:7,create
FN:13,isValid
FNF:3
FNH:3
FNDA:91,Name
FNDA:93,create
FNDA:185,isValid
DA:1,1
DA:2,1
DA:3,1
DA:4,1
DA:5,1
DA:6,1
DA:7,1
DA:8,93
DA:9,93
DA:10,91
DA:11,93
DA:12,1
DA:13,1
DA:14,185
DA:15,185
DA:16,1
DA:17,1
DA:18,1
LF:18
LH:18
BRDA:5,0,0,91
BRDA:7,1,0,93
BRDA:8,2,0,1
BRDA:8,3,0,92
BRDA:9,4,0,1
BRDA:9,5,0,91
BRDA:13,6,0,185
BRF:7
BRH:7
end_of_record
TN:
SF:src/domain/entities/appointment.ts
FN:5,get
FN:14,get
FN:23,Appointment
FN:34,create
FN:42,validatePrice
FN:46,validateEndDate
FN:50,validateStartDate
FN:54,calculateDuration
FN:58,getProfessionalId
FN:62,getClientId
FN:76,get
FNF:11
FNH:11
FNDA:33,get
FNDA:5,get
FNDA:25,Appointment
FNDA:26,create
FNDA:25,validatePrice
FNDA:25,validateEndDate
FNDA:26,validateStartDate
FNDA:1,calculateDuration
FNDA:14,getProfessionalId
FNDA:14,getClientId
FNDA:26,get
DA:1,1
DA:2,1
DA:3,1
DA:4,1
DA:5,1
DA:6,1
DA:7,1
DA:8,1
DA:9,1
DA:10,1
DA:11,1
DA:12,1
DA:13,1
DA:14,1
DA:15,1
DA:16,1
DA:17,1
DA:18,1
DA:19,1
DA:20,1
DA:21,1
DA:22,1
DA:23,1
DA:24,25
DA:25,25
DA:26,25
DA:27,25
DA:28,25
DA:29,25
DA:30,25
DA:31,25
DA:32,25
DA:33,1
DA:34,1
DA:35,26
DA:36,26
DA:37,26
DA:38,25
DA:39,25
DA:40,26
DA:41,1
DA:42,1
DA:43,25
DA:44,25
DA:45,1
DA:46,1
DA:47,25
DA:48,25
DA:49,1
DA:50,1
DA:51,26
DA:52,26
DA:53,1
DA:54,1
DA:55,1
DA:56,1
DA:57,1
DA:58,1
DA:59,14
DA:60,14
DA:61,1
DA:62,1
DA:63,14
DA:64,14
DA:65,1
DA:66,1
DA:67,1
DA:68,1
DA:69,1
DA:70,1
DA:71,1
DA:72,1
DA:73,1
DA:74,1
DA:75,1
DA:76,26
LF:76
LH:76
BRDA:5,0,0,8
BRDA:5,1,0,33
BRDA:14,2,0,8
BRDA:14,3,0,5
BRDA:23,4,0,25
BRDA:34,5,0,26
BRDA:35,6,0,1
BRDA:35,7,0,25
BRDA:36,8,0,0
BRDA:36,9,0,25
BRDA:37,10,0,0
BRDA:37,11,0,25
BRDA:42,12,0,25
BRDA:46,13,0,25
BRDA:50,14,0,26
BRDA:54,15,0,1
BRDA:58,16,0,14
BRDA:62,17,0,14
BRDA:76,18,0,26
BRF:19
BRH:17
end_of_record
TN:
SF:src/domain/entities/client.ts
FN:10,Client
FN:12,create
FN:25,setAnnotations
FN:29,getAnnotations
FN:33,get email
FN:39,get firstName
FN:43,get lastName
FN:49,get
FNF:8
FNH:8
FNDA:45,Client
FNDA:45,create
FNDA:1,setAnnotations
FNDA:1,getAnnotations
FNDA:4,get email
FNDA:3,get firstName
FNDA:5,get lastName
FNDA:45,get
DA:1,1
DA:2,1
DA:3,1
DA:4,1
DA:5,1
DA:6,1
DA:7,1
DA:8,1
DA:9,1
DA:10,1
DA:11,1
DA:12,1
DA:13,45
DA:14,45
DA:15,45
DA:16,45
DA:17,45
DA:18,45
DA:19,45
DA:20,45
DA:21,45
DA:22,1
DA:23,1
DA:24,1
DA:25,1
DA:26,1
DA:27,1
DA:28,1
DA:29,1
DA:30,1
DA:31,1
DA:32,1
DA:33,1
DA:34,4
DA:35,3
DA:36,3
DA:37,4
DA:38,1
DA:39,1
DA:40,3
DA:41,3
DA:42,1
DA:43,1
DA:44,5
DA:45,5
DA:46,1
DA:47,1
DA:48,1
DA:49,45
LF:49
LH:49
BRDA:10,0,0,45
BRDA:12,1,0,45
BRDA:14,2,0,38
BRDA:14,3,0,7
BRDA:17,4,0,0
BRDA:18,5,0,0
BRDA:19,6,0,0
BRDA:25,7,0,1
BRDA:29,8,0,1
BRDA:33,9,0,4
BRDA:34,10,0,1
BRDA:34,11,0,3
BRDA:35,12,0,0
BRDA:39,13,0,3
BRDA:43,14,0,5
BRDA:49,15,0,45
BRF:16
BRH:12
end_of_record
TN:
SF:src/domain/entities/email.ts
FN:5,Email
FN:7,create
FN:12,isValid
FN:17,get
FNF:4
FNH:4
FNDA:86,Email
FNDA:87,create
FNDA:87,isValid
FNDA:87,get
DA:1,1
DA:2,1
DA:3,1
DA:4,1
DA:5,1
DA:6,1
DA:7,1
DA:8,87
DA:9,86
DA:10,87
DA:11,1
DA:12,1
DA:13,87
DA:14,87
DA:15,87
DA:16,1
DA:17,87
LF:17
LH:17
BRDA:5,0,0,86
BRDA:7,1,0,87
BRDA:8,2,0,1
BRDA:8,3,0,86
BRDA:12,4,0,87
BRDA:17,5,0,87
BRF:6
BRH:6
end_of_record
TN:
SF:src/domain/entities/phone.ts
FN:5,Phone
FN:7,create
FN:13,isValid
FN:17,isValidDDD
FN:21,isValidNumber
FN:27,get
FNF:6
FNH:6
FNDA:92,Phone
FNDA:94,create
FNDA:94,isValid
FNDA:94,isValidDDD
FNDA:93,isValidNumber
FNDA:94,get
DA:1,1
DA:2,1
DA:3,1
DA:4,1
DA:5,1
DA:6,1
DA:7,1
DA:8,94
DA:9,92
DA:10,92
DA:11,94
DA:12,1
DA:13,1
DA:14,94
DA:15,94
DA:16,1
DA:17,1
DA:18,94
DA:19,94
DA:20,1
DA:21,1
DA:22,93
DA:23,93
DA:24,1
DA:25,1
DA:26,1
DA:27,94
LF:27
LH:27
BRDA:5,0,0,92
BRDA:7,1,0,94
BRDA:8,2,0,2
BRDA:8,3,0,92
BRDA:13,4,0,94
BRDA:14,5,0,93
BRDA:17,6,0,94
BRDA:21,7,0,93
BRDA:27,8,0,94
BRF:9
BRH:9
end_of_record
TN:
SF:src/domain/entities/professional.ts
FN:9,Professional
FN:11,create
FN:29,get email
FN:33,get firstName
FN:37,get lastName
FN:41,get
FNF:6
FNH:6
FNDA:43,Professional
FNDA:48,create
FNDA:1,get email
FNDA:1,get firstName
FNDA:1,get lastName
FNDA:48,get
DA:1,1
DA:2,1
DA:3,1
DA:4,1
DA:5,1
DA:6,1
DA:7,1
DA:8,1
DA:9,1
DA:10,1
DA:11,1
DA:12,48
DA:13,48
DA:14,48
DA:15,48
DA:16,48
DA:17,48
DA:18,48
DA:19,43
DA:20,43
DA:21,43
DA:22,43
DA:23,43
DA:24,43
DA:25,43
DA:26,43
DA:27,48
DA:28,1
DA:29,1
DA:30,1
DA:31,1
DA:32,1
DA:33,1
DA:34,1
DA:35,1
DA:36,1
DA:37,1
DA:38,1
DA:39,1
DA:40,1
DA:41,48
LF:41
LH:41
BRDA:9,0,0,43
BRDA:11,1,0,48
BRDA:16,2,0,2
BRDA:16,3,0,46
BRDA:17,4,0,1
BRDA:17,5,0,45
BRDA:18,6,0,2
BRDA:18,7,0,43
BRDA:29,8,0,1
BRDA:33,9,0,1
BRDA:37,10,0,1
BRDA:41,11,0,48
BRF:12
BRH:12
end_of_record
TN:
SF:src/domain/entities/service.ts
FN:5,Service
FN:7,create
FN:14,validateName
FN:18,validateDescription
FN:25,get
FNF:5
FNH:5
FNDA:1,Service
FNDA:1,create
FNDA:1,validateName
FNDA:1,validateDescription
FNDA:1,get
DA:1,1
DA:2,1
DA:3,1
DA:4,1
DA:5,1
DA:6,1
DA:7,1
DA:8,1
DA:9,1
DA:10,1
DA:11,1
DA:12,1
DA:13,1
DA:14,1
DA:15,1
DA:16,1
DA:17,1
DA:18,1
DA:19,1
DA:20,1
DA:21,1
DA:22,1
DA:23,1
DA:24,1
DA:25,1
LF:25
LH:25
BRDA:5,0,0,1
BRDA:7,1,0,1
BRDA:8,2,0,0
BRDA:9,3,0,0
BRDA:14,4,0,1
BRDA:18,5,0,1
BRDA:25,6,0,1
BRF:7
BRH:5
end_of_record
TN:
SF:src/infra/factory/MemoryRepositoryFactory.ts
FN:15,createAppointmentsRepository
FN:21,createClientRepository
FN:26,createProfessionalRepository
FNF:3
FNH:3
FNDA:11,createAppointmentsRepository
FNDA:8,createClientRepository
FNDA:21,createProfessionalRepository
DA:1,1
DA:2,1
DA:3,1
DA:4,1
DA:5,1
DA:6,1
DA:7,1
DA:8,1
DA:9,1
DA:10,1
DA:11,1
DA:12,1
DA:13,1
DA:14,1
DA:15,1
DA:16,11
DA:17,11
DA:18,11
DA:19,1
DA:20,1
DA:21,1
DA:22,8
DA:23,8
DA:24,8
DA:25,1
DA:26,1
DA:27,21
DA:28,21
DA:29,21
DA:30,1
DA:31,1
LF:31
LH:31
BRDA:15,0,0,11
BRDA:16,1,0,5
BRDA:21,2,0,8
BRDA:22,3,0,5
BRDA:26,4,0,21
BRDA:27,5,0,6
BRF:6
BRH:6
end_of_record
TN:
SF:src/infra/repository/memory/AppointmentRepositoryMemory.ts
FN:10,__vite_ssr_exports__.default
FN:30,save
FN:34,update
FN:40,findById
FN:44,findByProfessionalId
FN:48,findByClientId
FNF:6
FNH:6
FNDA:5,__vite_ssr_exports__.default
FNDA:2,save
FNDA:1,update
FNDA:4,findById
FNDA:1,findByProfessionalId
FNDA:1,findByClientId
DA:1,1
DA:2,1
DA:3,1
DA:4,1
DA:5,1
DA:6,1
DA:7,1
DA:8,1
DA:9,1
DA:10,1
DA:11,5
DA:12,5
DA:13,5
DA:14,5
DA:15,5
DA:16,5
DA:17,5
DA:18,5
DA:19,5
DA:20,5
DA:21,5
DA:22,5
DA:23,5
DA:24,5
DA:25,5
DA:26,5
DA:27,5
DA:28,5
DA:29,1
DA:30,1
DA:31,2
DA:32,2
DA:33,1
DA:34,1
DA:35,1
DA:36,1
DA:37,1
DA:38,1
DA:39,1
DA:40,1
DA:41,4
DA:42,4
DA:43,1
DA:44,1
DA:45,1
DA:46,1
DA:47,1
DA:48,1
DA:49,1
DA:50,1
DA:51,1
LF:51
LH:51
BRDA:10,0,0,5
BRDA:30,1,0,2
BRDA:34,2,0,1
BRDA:35,3,0,5
BRDA:40,4,0,4
BRDA:41,5,0,16
BRDA:44,6,0,1
BRDA:45,7,0,4
BRDA:48,8,0,1
BRDA:49,9,0,4
BRF:10
BRH:10
end_of_record
TN:
SF:src/infra/repository/memory/ClientRepositoryMemory.ts
FN:8,ClientRepositoryMemory
FN:17,save
FN:21,findById
FN:25,findByPhone
FN:29,findAll
FNF:5
FNH:4
FNDA:5,ClientRepositoryMemory
FNDA:1,save
FNDA:3,findById
FNDA:0,findByPhone
FNDA:1,findAll
DA:1,1
DA:2,1
DA:3,1
DA:4,1
DA:5,1
DA:6,1
DA:7,1
DA:8,1
DA:9,5
DA:10,5
DA:11,5
DA:12,5
DA:13,5
DA:14,5
DA:15,1
DA:16,1
DA:17,1
DA:18,1
DA:19,1
DA:20,1
DA:21,1
DA:22,3
DA:23,3
DA:24,1
DA:25,1
DA:26,0
DA:27,0
DA:28,1
DA:29,1
DA:30,1
DA:31,1
DA:32,1
DA:33,1
LF:33
LH:31
BRDA:8,0,0,5
BRDA:17,1,0,1
BRDA:21,2,0,3
BRDA:22,3,0,3
BRDA:29,4,0,1
BRF:5
BRH:5
end_of_record
TN:
SF:src/infra/repository/memory/ProfessionalRepositoryMemory.ts
FN:8,ProfessionalRepositoryMemory
FN:15,findByEmail
FN:20,save
FN:24,findById
FNF:4
FNH:3
FNDA:6,ProfessionalRepositoryMemory
FNDA:0,findByEmail
FNDA:1,save
FNDA:4,findById
DA:1,1
DA:2,1
DA:3,1
DA:4,1
DA:5,1
DA:6,1
DA:7,1
DA:8,1
DA:9,6
DA:10,6
DA:11,6
DA:12,6
DA:13,6
DA:14,1
DA:15,1
DA:16,0
DA:17,0
DA:18,0
DA:19,1
DA:20,1
DA:21,1
DA:22,1
DA:23,1
DA:24,1
DA:25,4
DA:26,4
DA:27,4
DA:28,1
LF:28
LH:25
BRDA:8,0,0,6
BRDA:20,1,0,1
BRDA:24,2,0,4
BRDA:25,3,0,4
BRF:4
BRH:4
end_of_record
TN:
SF:src/infra/service/WhatsAppNotificationServiceOficial.ts
FN:55,send
FNF:1
FNH:1
FNDA:1,send
DA:1,1
DA:2,1
DA:3,1
DA:4,1
DA:5,1
DA:6,1
DA:7,1
DA:8,1
DA:9,1
DA:10,1
DA:11,1
DA:12,1
DA:13,1
DA:14,1
DA:15,1
DA:16,1
DA:17,1
DA:18,1
DA:19,1
DA:20,1
DA:21,1
DA:22,1
DA:23,1
DA:24,1
DA:25,1
DA:26,1
DA:27,1
DA:28,1
DA:29,1
DA:30,1
DA:31,1
DA:32,1
DA:33,1
DA:34,1
DA:35,1
DA:36,1
DA:37,1
DA:38,1
DA:39,1
DA:40,1
DA:41,1
DA:42,1
DA:43,1
DA:44,1
DA:45,1
DA:46,1
DA:47,1
DA:48,1
DA:49,1
DA:50,1
DA:51,1
DA:52,1
DA:53,1
DA:54,1
DA:55,1
DA:56,1
DA:57,1
DA:58,1
DA:59,1
DA:60,1
DA:61,1
DA:62,1
DA:63,0
DA:64,0
DA:65,1
DA:66,1
DA:67,1
DA:68,1
LF:68
LH:66
BRDA:55,0,0,1
BRDA:62,1,0,0
BRF:2
BRH:1
end_of_record
TN:
SF:src/infra/service/googleCalendar/GoogleCalendarService.ts
FN:16,GoogleCalendarService
FN:21,findEventByDate
FN:38,requestAuthorization
FN:49,saveCredentials
FN:63,autenticate
FNF:5
FNH:3
FNDA:3,GoogleCalendarService
FNDA:1,findEventByDate
FNDA:0,requestAuthorization
FNDA:0,saveCredentials
FNDA:1,autenticate
DA:1,1
DA:2,1
DA:3,1
DA:4,1
DA:5,1
DA:6,1
DA:7,1
DA:8,1
DA:9,1
DA:10,1
DA:11,1
DA:12,1
DA:13,1
DA:14,1
DA:15,1
DA:16,1
DA:17,3
DA:18,3
DA:19,1
DA:20,1
DA:21,1
DA:22,1
DA:23,1
DA:24,1
DA:25,1
DA:26,1
DA:27,1
DA:28,1
DA:29,1
DA:30,1
DA:31,1
DA:32,1
DA:33,1
DA:34,1
DA:35,1
DA:36,1
DA:37,1
DA:38,1
DA:39,0
DA:40,0
DA:41,0
DA:42,0
DA:43,0
DA:44,0
DA:45,0
DA:46,0
DA:47,0
DA:48,1
DA:49,1
DA:50,0
DA:51,0
DA:52,0
DA:53,0
DA:54,0
DA:55,0
DA:56,0
DA:57,0
DA:58,0
DA:59,0
DA:60,0
DA:61,0
DA:62,1
DA:63,1
DA:64,1
DA:65,1
DA:66,1
DA:67,1
DA:68,1
DA:69,1
DA:70,1
DA:71,1
DA:72,1
LF:72
LH:51
BRDA:16,0,0,3
BRDA:21,1,0,1
BRDA:34,2,0,0
BRDA:63,3,0,1
BRF:4
BRH:3
end_of_record
TN:
SF:src/infra/service/googleCalendar/settings.ts
FNF:0
FNH:0
DA:1,1
DA:2,1
DA:3,1
DA:4,1
DA:5,1
DA:6,1
DA:7,1
DA:8,1
DA:9,1
DA:10,1
LF:10
LH:10
BRF:0
BRH:0
end_of_record
